<?xml version="1.0" encoding="UTF-8"?>
<!-- Generated by org.testng.reporters.JUnitReportReporter -->
<testsuite hostname="DESKTOP-K4PK96U" failures="0" tests="2" name="testcases.UserRegTest" time="13.127" errors="0" timestamp="19 Sept 2022 04:56:22 GMT" skipped="0">
  <testcase classname="testcases.UserRegTest" name="userRegTest" time="7.461"/>
  <testcase classname="testcases.UserRegTest" name="userRegTest" time="5.666"/>
</testsuite> <!-- testcases.UserRegTest -->
