<?xml version="1.0" encoding="UTF-8"?>
<!-- Generated by org.testng.reporters.JUnitReportReporter -->
<testsuite hostname="DESKTOP-K4PK96U" failures="0" tests="1" name="testcases.BankManagerLoginTest" time="0.189" errors="0" timestamp="02 Feb 2023 13:20:58 GMT" skipped="0">
  <testcase classname="testcases.BankManagerLoginTest" name="bankManagerLogin" time="0.189"/>
</testsuite> <!-- testcases.BankManagerLoginTest -->
